<!DOCTYPE html PUBLIC "-//W3C//DTD XHTML 1.1//EN" "https://www.w3.org/TR/xhtml11/DTD/xhtml11.dtd">
<html xmlns="https://www.w3.org/1999/xhtml">
<head>
<meta http-equiv="content-type" content="text/html; charset=UTF-8"/>
<title>TestNG Report</title>
<style type="text/css">table {margin-bottom:10px;border-collapse:collapse;empty-cells:show}th,td {border:1px solid #009;padding:.25em .5em}th {vertical-align:bottom}td {vertical-align:top}table a {font-weight:bold}.stripe td {background-color: #E6EBF9}.num {text-align:right}.passedodd td {background-color: #3F3}.passedeven td {background-color: #0A0}.skippedodd td {background-color: #DDD}.skippedeven td {background-color: #CCC}.failedodd td,.attn {background-color: #F33}.failedeven td,.stripe .attn {background-color: #D00}.stacktrace {white-space:pre;font-family:monospace}.totop {font-size:85%;text-align:center;border-bottom:2px solid #000}.invisible {display:none}</style>
</head>
<body>
<table>
<tr><th>Test</th><th># Passed</th><th># Skipped</th><th># Retried</th><th># Failed</th><th>Time (ms)</th><th>Included Groups</th><th>Excluded Groups</th></tr>
<tr><th colspan="8">Suite</th></tr>
<tr><td><a href="#t0">Test</a></td><td class="num">12</td><td class="num">0</td><td class="num attn">5</td><td class="num attn">1</td><td class="num">849,185</td><td></td><td></td></tr>
</table>
<table id='summary'><thead><tr><th>Class</th><th>Method</th><th>Start</th><th>Time (ms)</th></tr></thead><tbody><tr><th colspan="4">Suite</th></tr></tbody><tbody id="t0"><tr><th colspan="4">Test &#8212; failed (configuration methods)</th></tr><tr class="failedeven"><td rowspan="1">com.vtiger.campaignsTest.CreateCampaignTest</td><td><a href="#m0">afterMethodTest</a></td><td rowspan="1">1653387882545</td><td rowspan="1">10705</td></tr><tr><th colspan="4">Test &#8212; failed</th></tr><tr class="failedeven"><td rowspan="1">com.vtiger.ProductsTest.CreateProductsTest</td><td><a href="#m1">createProductTest</a></td><td rowspan="1">1653388038390</td><td rowspan="1">17426</td></tr><tr><th colspan="4">Test &#8212; skipped (configuration methods)</th></tr><tr class="skippedeven"><td rowspan="1">com.vtiger.campaignsTest.CreateCampaignTest</td><td><a href="#m2">afterClassTest</a></td><td rowspan="1">1653387893371</td><td rowspan="1">-1653387893371</td></tr><tr><th colspan="4">Test &#8212; retried</th></tr><tr class="retriedeven"><td rowspan="5">com.vtiger.ProductsTest.CreateProductsTest</td><td><a href="#m3">createProductTest</a></td><td rowspan="5">1653388012719</td><td rowspan="5">17013</td></tr><tr class="retriedeven"><td><a href="#m4">createProductTest</a></td></tr><tr class="retriedeven"><td><a href="#m5">createProductTest</a></td></tr><tr class="retriedeven"><td><a href="#m6">createProductTest</a></td></tr><tr class="retriedeven"><td><a href="#m7">createProductTest</a></td></tr><tr><th colspan="4">Test &#8212; passed</th></tr><tr class="passedeven"><td rowspan="1">com.vtiger.campaignsTest.CreateCampaignTest</td><td><a href="#m8">createCampaignTest</a></td><td rowspan="1">1653387838652</td><td rowspan="1">43818</td></tr><tr class="passedodd"><td rowspan="1">com.vtiger.campaignsTest.CreateCampaignsWithProductsTest</td><td><a href="#m9">createCampaignWithProductTest</a></td><td rowspan="1">1653387233732</td><td rowspan="1">48521</td></tr><tr class="passedeven"><td rowspan="1">com.vtiger.contactsTest.CreateContactTest</td><td><a href="#m10">createContactTest</a></td><td rowspan="1">1653387790613</td><td rowspan="1">28900</td></tr><tr class="passedodd"><td rowspan="1">com.vtiger.contactsTest.CreateContactWithOrganizationTest</td><td><a href="#m11">createContactWithOrganizationTest</a></td><td rowspan="1">1653387297378</td><td rowspan="1">52728</td></tr><tr class="passedeven"><td rowspan="1">com.vtiger.documentsTest.CreateDocumentTest</td><td><a href="#m12">createDocumentTest</a></td><td rowspan="1">1653387413057</td><td rowspan="1">28273</td></tr><tr class="passedodd"><td rowspan="1">com.vtiger.leadsTest.CreateAndDeleteFromListTc_57Test</td><td><a href="#m13">createAndDeleteFromListTest</a></td><td rowspan="1">1653387511201</td><td rowspan="1">31692</td></tr><tr class="passedeven"><td rowspan="1">com.vtiger.leadsTest.CreateAndDeleteTc_56Test</td><td><a href="#m14">createAndDeleteTest</a></td><td rowspan="1">1653387365609</td><td rowspan="1">31511</td></tr><tr class="passedodd"><td rowspan="1">com.vtiger.leadsTest.CreateLeadAndDeleteFromTextFieldTc_58Test</td><td><a href="#m15">createLeadAndDeleteFromTxtFieldsTest</a></td><td rowspan="1">1653387456746</td><td rowspan="1">32172</td></tr><tr class="passedeven"><td rowspan="1">com.vtiger.leadsTest.CreateMultipleLeadsAndDeleteFromTextFieldTc_60Test</td><td><a href="#m16">createMultipleLeadsAndDeleteTextFielsTest</a></td><td rowspan="1">1653387558590</td><td rowspan="1">55671</td></tr><tr class="passedodd"><td rowspan="1">com.vtiger.leadsTest.CreateMultipleLeadsAndDeleteTc_59Test</td><td><a href="#m17">createMultipleLeadsAndDeleteTest</a></td><td rowspan="1">1653387636374</td><td rowspan="1">47886</td></tr><tr class="passedeven"><td rowspan="1">com.vtiger.organizationTest.CreateOrganisationTest</td><td><a href="#m18">createOrganizationTest</a></td><td rowspan="1">1653387750622</td><td rowspan="1">17738</td></tr><tr class="passedodd"><td rowspan="1">com.vtiger.organizationTest.CreateOrganizationWithDDIndustryTest</td><td><a href="#m19">createOrganizationTest</a></td><td rowspan="1">1653387700157</td><td rowspan="1">26786</td></tr></tbody>
</table>
<h2>Test</h2><h3 id="m0">com.vtiger.campaignsTest.CreateCampaignTest#afterMethodTest</h3><table class="result"><tr><th>Exception</th></tr><tr><td><div class="stacktrace">org.openqa.selenium.NoSuchElementException: no such element: Unable to locate element: {&quot;method&quot;:&quot;link text&quot;,&quot;selector&quot;:&quot;Sign Out&quot;}
  (Session info: chrome=101.0.4951.67)
For documentation on this error, please visit: https://www.seleniumhq.org/exceptions/no_such_element.html
Build info: version: &apos;3.141.59&apos;, revision: &apos;e82be7d358&apos;, time: &apos;2018-11-14T08:17:03&apos;
System info: host: &apos;DESKTOP-RB30UFV&apos;, ip: &apos;192.168.43.91&apos;, os.name: &apos;Windows 10&apos;, os.arch: &apos;amd64&apos;, os.version: &apos;10.0&apos;, java.version: &apos;16.0.1&apos;
Driver info: org.openqa.selenium.chrome.ChromeDriver
Capabilities {acceptInsecureCerts: false, browserName: chrome, browserVersion: 101.0.4951.67, chrome: {chromedriverVersion: 101.0.4951.41 (93c720db8323..., userDataDir: C:\Users\Niraj\AppData\Loca...}, goog:chromeOptions: {debuggerAddress: localhost:58322}, javascriptEnabled: true, networkConnectionEnabled: false, pageLoadStrategy: normal, platform: WINDOWS, platformName: WINDOWS, proxy: Proxy(), setWindowRect: true, strictFileInteractability: false, timeouts: {implicit: 0, pageLoad: 300000, script: 30000}, unhandledPromptBehavior: dismiss and notify, webauthn:extension:credBlob: true, webauthn:extension:largeBlob: true, webauthn:virtualAuthenticators: true}
Session ID: 23ab624d464bd8e3b380a10cfa50c880
*** Element info: {Using=link text, value=Sign Out}
	at org.openqa.selenium.remote.http.W3CHttpResponseCodec.createException(W3CHttpResponseCodec.java:187)
	at org.openqa.selenium.remote.http.W3CHttpResponseCodec.decode(W3CHttpResponseCodec.java:122)
	at org.openqa.selenium.remote.http.W3CHttpResponseCodec.decode(W3CHttpResponseCodec.java:49)
	at org.openqa.selenium.remote.HttpCommandExecutor.execute(HttpCommandExecutor.java:158)
	at org.openqa.selenium.remote.service.DriverCommandExecutor.execute(DriverCommandExecutor.java:83)
	at org.openqa.selenium.remote.RemoteWebDriver.execute(RemoteWebDriver.java:552)
	at org.openqa.selenium.remote.RemoteWebDriver.findElement(RemoteWebDriver.java:323)
	at org.openqa.selenium.remote.RemoteWebDriver.findElementByLinkText(RemoteWebDriver.java:380)
	at org.openqa.selenium.By$ByLinkText.findElement(By.java:220)
	at org.openqa.selenium.remote.RemoteWebDriver.findElement(RemoteWebDriver.java:315)
	at org.openqa.selenium.support.pagefactory.DefaultElementLocator.findElement(DefaultElementLocator.java:69)
	at org.openqa.selenium.support.pagefactory.internal.LocatingElementHandler.invoke(LocatingElementHandler.java:38)
	at jdk.proxy2/jdk.proxy2.$Proxy23.click(Unknown Source)
	at com.vtiger.elementRepository.HomePage.signOut(HomePage.java:64)
	at com.sdet34l1.genericLibrary.BaseClass.afterMethodTest(BaseClass.java:130)
	at java.base/java.util.ArrayList.forEach(ArrayList.java:1511)
... Removed 37 stack frames</div></td></tr></table><p class="totop"><a href="#summary">back to summary</a></p>
<h3 id="m1">com.vtiger.ProductsTest.CreateProductsTest#createProductTest</h3><table class="result"><tr><th>Exception</th></tr><tr><td><div class="stacktrace">java.lang.AssertionError: null
	at com.vtiger.ProductsTest.CreateProductsTest.createProductTest(CreateProductsTest.java:27)
	at java.base/java.util.ArrayList.forEach(ArrayList.java:1511)
... Removed 29 stack frames</div></td></tr></table><p class="totop"><a href="#summary">back to summary</a></p>
<h3 id="m2">com.vtiger.campaignsTest.CreateCampaignTest#afterClassTest</h3><table class="result"><tr><th class="invisible"/></tr></table><p class="totop"><a href="#summary">back to summary</a></p>
<h3 id="m3">com.vtiger.ProductsTest.CreateProductsTest#createProductTest</h3><table class="result"><tr><th>Exception</th></tr><tr><td><div class="stacktrace">java.lang.AssertionError: null
	at com.vtiger.ProductsTest.CreateProductsTest.createProductTest(CreateProductsTest.java:27)
	at java.base/java.util.ArrayList.forEach(ArrayList.java:1511)
... Removed 29 stack frames</div></td></tr></table><p class="totop"><a href="#summary">back to summary</a></p>
<h3 id="m4">com.vtiger.ProductsTest.CreateProductsTest#createProductTest</h3><table class="result"><tr><th>Exception</th></tr><tr><td><div class="stacktrace">java.lang.AssertionError: null
	at com.vtiger.ProductsTest.CreateProductsTest.createProductTest(CreateProductsTest.java:27)
	at java.base/java.util.ArrayList.forEach(ArrayList.java:1511)
... Removed 29 stack frames</div></td></tr></table><p class="totop"><a href="#summary">back to summary</a></p>
<h3 id="m5">com.vtiger.ProductsTest.CreateProductsTest#createProductTest</h3><table class="result"><tr><th>Exception</th></tr><tr><td><div class="stacktrace">java.lang.AssertionError: null
	at com.vtiger.ProductsTest.CreateProductsTest.createProductTest(CreateProductsTest.java:27)
	at java.base/java.util.ArrayList.forEach(ArrayList.java:1511)
... Removed 29 stack frames</div></td></tr></table><p class="totop"><a href="#summary">back to summary</a></p>
<h3 id="m6">com.vtiger.ProductsTest.CreateProductsTest#createProductTest</h3><table class="result"><tr><th>Exception</th></tr><tr><td><div class="stacktrace">java.lang.AssertionError: null
	at com.vtiger.ProductsTest.CreateProductsTest.createProductTest(CreateProductsTest.java:27)
	at java.base/java.util.ArrayList.forEach(ArrayList.java:1511)
... Removed 29 stack frames</div></td></tr></table><p class="totop"><a href="#summary">back to summary</a></p>
<h3 id="m7">com.vtiger.ProductsTest.CreateProductsTest#createProductTest</h3><table class="result"><tr><th>Exception</th></tr><tr><td><div class="stacktrace">java.lang.AssertionError: null
	at com.vtiger.ProductsTest.CreateProductsTest.createProductTest(CreateProductsTest.java:27)
	at java.base/java.util.ArrayList.forEach(ArrayList.java:1511)
... Removed 29 stack frames</div></td></tr></table><p class="totop"><a href="#summary">back to summary</a></p>
<h3 id="m8">com.vtiger.campaignsTest.CreateCampaignTest#createCampaignTest</h3><table class="result"><tr><th class="invisible"/></tr></table><p class="totop"><a href="#summary">back to summary</a></p>
<h3 id="m9">com.vtiger.campaignsTest.CreateCampaignsWithProductsTest#createCampaignWithProductTest</h3><table class="result"><tr><th class="invisible"/></tr></table><p class="totop"><a href="#summary">back to summary</a></p>
<h3 id="m10">com.vtiger.contactsTest.CreateContactTest#createContactTest</h3><table class="result"><tr><th class="invisible"/></tr></table><p class="totop"><a href="#summary">back to summary</a></p>
<h3 id="m11">com.vtiger.contactsTest.CreateContactWithOrganizationTest#createContactWithOrganizationTest</h3><table class="result"><tr><th class="invisible"/></tr></table><p class="totop"><a href="#summary">back to summary</a></p>
<h3 id="m12">com.vtiger.documentsTest.CreateDocumentTest#createDocumentTest</h3><table class="result"><tr><th class="invisible"/></tr></table><p class="totop"><a href="#summary">back to summary</a></p>
<h3 id="m13">com.vtiger.leadsTest.CreateAndDeleteFromListTc_57Test#createAndDeleteFromListTest</h3><table class="result"><tr><th class="invisible"/></tr></table><p class="totop"><a href="#summary">back to summary</a></p>
<h3 id="m14">com.vtiger.leadsTest.CreateAndDeleteTc_56Test#createAndDeleteTest</h3><table class="result"><tr><th class="invisible"/></tr></table><p class="totop"><a href="#summary">back to summary</a></p>
<h3 id="m15">com.vtiger.leadsTest.CreateLeadAndDeleteFromTextFieldTc_58Test#createLeadAndDeleteFromTxtFieldsTest</h3><table class="result"><tr><th class="invisible"/></tr></table><p class="totop"><a href="#summary">back to summary</a></p>
<h3 id="m16">com.vtiger.leadsTest.CreateMultipleLeadsAndDeleteFromTextFieldTc_60Test#createMultipleLeadsAndDeleteTextFielsTest</h3><table class="result"><tr><th class="invisible"/></tr></table><p class="totop"><a href="#summary">back to summary</a></p>
<h3 id="m17">com.vtiger.leadsTest.CreateMultipleLeadsAndDeleteTc_59Test#createMultipleLeadsAndDeleteTest</h3><table class="result"><tr><th class="invisible"/></tr></table><p class="totop"><a href="#summary">back to summary</a></p>
<h3 id="m18">com.vtiger.organizationTest.CreateOrganisationTest#createOrganizationTest</h3><table class="result"><tr><th class="invisible"/></tr></table><p class="totop"><a href="#summary">back to summary</a></p>
<h3 id="m19">com.vtiger.organizationTest.CreateOrganizationWithDDIndustryTest#createOrganizationTest</h3><table class="result"><tr><th class="invisible"/></tr></table><p class="totop"><a href="#summary">back to summary</a></p>
</body>
</html>
